Time resolution is 1 ps
A+B =  0 +  0 =  3, overflow = 0
Correct!
A+B =  0 +  1 =  4, overflow = 0
Correct!
A+B =  0 +  2 =  5, overflow = 0
Correct!
A+B =  0 +  3 =  6, overflow = 0
Correct!
A+B =  0 +  4 =  7, overflow = 0
Correct!
A+B =  0 +  5 =  8, overflow = 1
Correct!
A+B =  1 +  0 =  4, overflow = 0
Correct!
A+B =  1 +  1 =  5, overflow = 0
Correct!
A+B =  1 +  2 =  6, overflow = 0
Correct!
A+B =  1 +  3 =  7, overflow = 0
Correct!
A+B =  1 +  4 =  8, overflow = 1
Correct!
A+B =  1 +  5 =  9, overflow = 1
Correct!
A+B =  2 +  0 =  5, overflow = 0
Correct!
A+B =  2 +  1 =  6, overflow = 0
Correct!
A+B =  2 +  2 =  7, overflow = 0
Correct!
A+B =  2 +  3 =  8, overflow = 1
Correct!
A+B =  2 +  4 =  9, overflow = 1
Correct!
A+B =  2 +  5 = 10, overflow = 1
Correct!
A+B =  3 +  0 =  6, overflow = 0
Correct!
A+B =  3 +  1 =  7, overflow = 0
Correct!
A+B =  3 +  2 =  8, overflow = 1
Correct!
A+B =  3 +  3 =  9, overflow = 1
Correct!
A+B =  3 +  4 = 10, overflow = 1
Correct!
A+B =  3 +  5 = 11, overflow = 1
Correct!
A+B =  4 +  0 =  7, overflow = 0
Correct!
A+B =  4 +  1 =  8, overflow = 1
Correct!
A+B =  4 +  2 =  9, overflow = 1
Correct!
A+B =  4 +  3 = 10, overflow = 1
Correct!
A+B =  4 +  4 = 11, overflow = 1
Correct!
A+B =  4 +  5 = 12, overflow = 1
Correct!
A+B =  5 +  0 =  8, overflow = 1
Correct!
A+B =  5 +  1 =  9, overflow = 1
Correct!
A+B =  5 +  2 = 10, overflow = 1
Correct!
A+B =  5 +  3 = 11, overflow = 1
Correct!
A+B =  5 +  4 = 12, overflow = 1
Correct!
A+B =  5 +  5 = 13, overflow = 1
Correct!




        **************************       .--.      
        *                        *      |o_o |     
        *  Congratulations !!    *      |:_/ |     
        *                        *     //        
        *    Simulation PASS!!   *    (|     | )   
        *                        *   /'_   _/`   
        **************************   ___)=(___/   


$finish called at time : 185 ns : File "C:/Users/logic_design/adder4/adder4_tb.v" Line 81
