Time resolution is 1 ps
Test case           0 passed!
Test case           1 passed!
Test case           2 passed!
Test case           3 passed!
Test case           4 passed!
Test case           5 passed!
Test case           6 passed!
Test case           7 passed!
Test case           8 passed!
Test case           9 passed!
Test case          10 passed!
Test case          11 passed!
Test case          12 passed!
Test case          13 passed!
Test case          14 passed!
Test case          15 passed!




        **************************       .--.      
        *                        *      |o_o |     
        *  Congratulations !!    *      |:_/ |     
        *                        *     //        
        *    Simulation PASS!!   *    (|     | )   
        *                        *   /'_   _/`   
        **************************   ___)=(___/   


$finish called at time : 71 ns : File "C:/Users/logic_design/seven_segement_display/seven_segment_display_tb.v" Line 85
